<?xml version="1.0" encoding="UTF-8"?>
<!-- Generated by org.testng.reporters.JUnitReportReporter -->
<testsuite hostname="HOQA2406106172A" failures="0" tests="2" name="Automation_Amity.Amity" time="51.223" errors="0" timestamp="2023-04-10T14:38:58 BDT" skipped="0">
  <testcase classname="Automation_Amity.Amity" name="TestCase_1_SearchUserWithPartialTextMatch" time="24.677"/>
  <system-out/>
  <testcase classname="Automation_Amity.Amity" name="TestCase_2_VerifyUserCanAddPayGrades" time="26.546"/>
  <system-out/>
</testsuite> <!-- Automation_Amity.Amity -->
