<?xml version="1.0" encoding="UTF-8"?>
<!-- Generated by org.testng.reporters.JUnitReportReporter -->
<testsuite hostname="HOQA2406106172A" failures="0" tests="2" name="Ami.Amity" time="108.152" errors="0" timestamp="2023-04-10T00:29:19 BDT" skipped="0">
  <testcase classname="Ami.Amity" name="TestCase_1_SearchUserWithPartialTextMatch" time="52.166"/>
  <system-out/>
  <testcase classname="Ami.Amity" name="TestCase_2_VerifyUserCanAddPayGrades" time="55.986"/>
  <system-out/>
</testsuite> <!-- Ami.Amity -->
